2021-09-05 14:28:05.2963|INFO|Microsoft.Hosting.Lifetime|Application started. Press Ctrl+C to shut down.
2021-09-05 14:28:05.3231|INFO|Microsoft.Hosting.Lifetime|Hosting environment: Development
2021-09-05 14:28:05.3268|INFO|Microsoft.Hosting.Lifetime|Content root path: C:\Users\Aleksa\Desktop\Diplomski2\Backend\Web
2021-09-05 14:28:28.4085|WARN|Microsoft.AspNetCore.HttpsPolicy.HttpsRedirectionMiddleware|Failed to determine the https port for redirect.
2021-09-05 14:28:29.4699|WARN|Microsoft.EntityFrameworkCore.Query|Compiling a query which loads related collections for more than one collection navigation either via 'Include' or through projection but no 'QuerySplittingBehavior' has been configured. By default Entity Framework will use 'QuerySplittingBehavior.SingleQuery' which can potentially result in slow query performance. See https://go.microsoft.com/fwlink/?linkid=2134277 for more information. To identify the query that's triggering this warning call 'ConfigureWarnings(w => w.Throw(RelationalEventId.MultipleCollectionIncludeWarning))'
2021-09-05 15:54:59.0900|ERROR|Microsoft.AspNetCore.Diagnostics.ExceptionHandlerMiddleware|An unhandled exception has occurred while executing the request.
2021-09-05 15:54:59.0935|ERROR|allfile|Something went wrong: Substation with Id=28 don't exists, 404
2021-09-05 15:55:47.9925|ERROR|Microsoft.AspNetCore.Diagnostics.ExceptionHandlerMiddleware|An unhandled exception has occurred while executing the request.
2021-09-05 15:55:47.9925|ERROR|allfile|Something went wrong: Substation with Id=28 don't exists, 404
2021-09-05 15:56:59.6535|ERROR|Microsoft.AspNetCore.Diagnostics.ExceptionHandlerMiddleware|An unhandled exception has occurred while executing the request.
2021-09-05 15:56:59.6535|ERROR|allfile|Something went wrong: Substation with Id=28 don't exists, 404
2021-09-05 16:00:23.4295|ERROR|Microsoft.AspNetCore.Diagnostics.ExceptionHandlerMiddleware|An unhandled exception has occurred while executing the request.
2021-09-05 16:00:23.4295|ERROR|allfile|Something went wrong: Substation with Id=28 don't exists, 404
2021-09-05 16:01:31.5716|ERROR|Microsoft.AspNetCore.Diagnostics.ExceptionHandlerMiddleware|An unhandled exception has occurred while executing the request.
2021-09-05 16:01:31.5716|ERROR|allfile|Something went wrong: Substation with Id=28 don't exists, 404
2021-09-05 16:04:14.8188|ERROR|Microsoft.AspNetCore.Diagnostics.ExceptionHandlerMiddleware|An unhandled exception has occurred while executing the request.
2021-09-05 16:04:14.8188|ERROR|allfile|Something went wrong: Substation with Id=28 don't exists, 404
2021-09-05 16:06:43.7780|ERROR|Microsoft.AspNetCore.Diagnostics.ExceptionHandlerMiddleware|An unhandled exception has occurred while executing the request.
2021-09-05 16:06:43.7780|ERROR|allfile|Something went wrong: Substation with Id=28 don't exists, 404
2021-09-05 16:07:19.5473|ERROR|Microsoft.AspNetCore.Diagnostics.ExceptionHandlerMiddleware|An unhandled exception has occurred while executing the request.
2021-09-05 16:07:19.5473|ERROR|allfile|Something went wrong: Substation with Id=28 don't exists, 404
2021-09-05 16:27:54.5792|ERROR|Microsoft.AspNetCore.Diagnostics.ExceptionHandlerMiddleware|An unhandled exception has occurred while executing the request.
2021-09-05 16:27:54.5792|ERROR|allfile|Something went wrong: Breaker with mrid='fasda12' or name='NSDADA' already exists, 409
