2021-08-22 01:04:19.8371|INFO|Microsoft.Hosting.Lifetime|Application started. Press Ctrl+C to shut down.
2021-08-22 01:04:19.9280|INFO|Microsoft.Hosting.Lifetime|Hosting environment: Development
2021-08-22 01:04:19.9412|INFO|Microsoft.Hosting.Lifetime|Content root path: C:\Users\Sladjana\Desktop\Diplomski\Backend\Web
2021-08-22 13:37:39.3894|INFO|Microsoft.Hosting.Lifetime|Application started. Press Ctrl+C to shut down.
2021-08-22 13:37:39.4777|INFO|Microsoft.Hosting.Lifetime|Hosting environment: Development
2021-08-22 13:37:39.4777|INFO|Microsoft.Hosting.Lifetime|Content root path: C:\Users\Sladjana\Desktop\Diplomski\Backend\Web
2021-08-22 13:39:20.1919|ERROR|Microsoft.AspNetCore.Diagnostics.ExceptionHandlerMiddleware|An unhandled exception has occurred while executing the request.
2021-08-22 13:39:20.2258|ERROR|allfile|Something went wrong: System.InvalidOperationException: Unable to resolve service for type 'Web.Services.Interfaces.IDisconnectorService' while attempting to activate 'Web.Controllers.DisconnectorController'.
   at Microsoft.Extensions.DependencyInjection.ActivatorUtilities.GetService(IServiceProvider sp, Type type, Type requiredBy, Boolean isDefaultParameterRequired)
   at lambda_method(Closure , IServiceProvider , Object[] )
   at Microsoft.AspNetCore.Mvc.Controllers.ControllerActivatorProvider.<>c__DisplayClass4_0.<CreateActivator>b__0(ControllerContext controllerContext)
   at Microsoft.AspNetCore.Mvc.Controllers.ControllerFactoryProvider.<>c__DisplayClass5_0.<CreateControllerFactory>g__CreateController|0(ControllerContext controllerContext)
   at Microsoft.AspNetCore.Mvc.Infrastructure.ControllerActionInvoker.Next(State& next, Scope& scope, Object& state, Boolean& isCompleted)
   at Microsoft.AspNetCore.Mvc.Infrastructure.ControllerActionInvoker.InvokeInnerFilterAsync()
--- End of stack trace from previous location where exception was thrown ---
   at Microsoft.AspNetCore.Mvc.Infrastructure.ResourceInvoker.<InvokeFilterPipelineAsync>g__Awaited|19_0(ResourceInvoker invoker, Task lastTask, State next, Scope scope, Object state, Boolean isCompleted)
   at Microsoft.AspNetCore.Mvc.Infrastructure.ResourceInvoker.<InvokeAsync>g__Awaited|17_0(ResourceInvoker invoker, Task task, IDisposable scope)
   at Microsoft.AspNetCore.Routing.EndpointMiddleware.<Invoke>g__AwaitRequestTask|6_0(Endpoint endpoint, Task requestTask, ILogger logger)
   at Microsoft.AspNetCore.Authorization.AuthorizationMiddleware.Invoke(HttpContext context)
   at Microsoft.AspNetCore.Diagnostics.ExceptionHandlerMiddleware.<Invoke>g__Awaited|6_0(ExceptionHandlerMiddleware middleware, HttpContext context, Task task)
2021-08-22 13:41:20.5865|ERROR|Microsoft.AspNetCore.Diagnostics.ExceptionHandlerMiddleware|An unhandled exception has occurred while executing the request.
2021-08-22 13:41:20.5904|ERROR|allfile|Something went wrong: System.InvalidOperationException: Unable to resolve service for type 'Web.Services.Interfaces.IDisconnectorService' while attempting to activate 'Web.Controllers.DisconnectorController'.
   at Microsoft.Extensions.DependencyInjection.ActivatorUtilities.GetService(IServiceProvider sp, Type type, Type requiredBy, Boolean isDefaultParameterRequired)
   at lambda_method(Closure , IServiceProvider , Object[] )
   at Microsoft.AspNetCore.Mvc.Controllers.ControllerActivatorProvider.<>c__DisplayClass4_0.<CreateActivator>b__0(ControllerContext controllerContext)
   at Microsoft.AspNetCore.Mvc.Controllers.ControllerFactoryProvider.<>c__DisplayClass5_0.<CreateControllerFactory>g__CreateController|0(ControllerContext controllerContext)
   at Microsoft.AspNetCore.Mvc.Infrastructure.ControllerActionInvoker.Next(State& next, Scope& scope, Object& state, Boolean& isCompleted)
   at Microsoft.AspNetCore.Mvc.Infrastructure.ControllerActionInvoker.InvokeInnerFilterAsync()
--- End of stack trace from previous location where exception was thrown ---
   at Microsoft.AspNetCore.Mvc.Infrastructure.ResourceInvoker.<InvokeFilterPipelineAsync>g__Awaited|19_0(ResourceInvoker invoker, Task lastTask, State next, Scope scope, Object state, Boolean isCompleted)
   at Microsoft.AspNetCore.Mvc.Infrastructure.ResourceInvoker.<InvokeAsync>g__Awaited|17_0(ResourceInvoker invoker, Task task, IDisposable scope)
   at Microsoft.AspNetCore.Routing.EndpointMiddleware.<Invoke>g__AwaitRequestTask|6_0(Endpoint endpoint, Task requestTask, ILogger logger)
   at Microsoft.AspNetCore.Authorization.AuthorizationMiddleware.Invoke(HttpContext context)
   at Microsoft.AspNetCore.Diagnostics.ExceptionHandlerMiddleware.<Invoke>g__Awaited|6_0(ExceptionHandlerMiddleware middleware, HttpContext context, Task task)
2021-08-22 13:41:51.2955|ERROR|Microsoft.AspNetCore.Diagnostics.ExceptionHandlerMiddleware|An unhandled exception has occurred while executing the request.
2021-08-22 13:41:51.2982|ERROR|allfile|Something went wrong: System.InvalidOperationException: Unable to resolve service for type 'Web.Services.Interfaces.IDisconnectorService' while attempting to activate 'Web.Controllers.DisconnectorController'.
   at Microsoft.Extensions.DependencyInjection.ActivatorUtilities.GetService(IServiceProvider sp, Type type, Type requiredBy, Boolean isDefaultParameterRequired)
   at lambda_method(Closure , IServiceProvider , Object[] )
   at Microsoft.AspNetCore.Mvc.Controllers.ControllerActivatorProvider.<>c__DisplayClass4_0.<CreateActivator>b__0(ControllerContext controllerContext)
   at Microsoft.AspNetCore.Mvc.Controllers.ControllerFactoryProvider.<>c__DisplayClass5_0.<CreateControllerFactory>g__CreateController|0(ControllerContext controllerContext)
   at Microsoft.AspNetCore.Mvc.Infrastructure.ControllerActionInvoker.Next(State& next, Scope& scope, Object& state, Boolean& isCompleted)
   at Microsoft.AspNetCore.Mvc.Infrastructure.ControllerActionInvoker.InvokeInnerFilterAsync()
--- End of stack trace from previous location where exception was thrown ---
   at Microsoft.AspNetCore.Mvc.Infrastructure.ResourceInvoker.<InvokeFilterPipelineAsync>g__Awaited|19_0(ResourceInvoker invoker, Task lastTask, State next, Scope scope, Object state, Boolean isCompleted)
   at Microsoft.AspNetCore.Mvc.Infrastructure.ResourceInvoker.<InvokeAsync>g__Awaited|17_0(ResourceInvoker invoker, Task task, IDisposable scope)
   at Microsoft.AspNetCore.Routing.EndpointMiddleware.<Invoke>g__AwaitRequestTask|6_0(Endpoint endpoint, Task requestTask, ILogger logger)
   at Microsoft.AspNetCore.Authorization.AuthorizationMiddleware.Invoke(HttpContext context)
   at Microsoft.AspNetCore.Diagnostics.ExceptionHandlerMiddleware.<Invoke>g__Awaited|6_0(ExceptionHandlerMiddleware middleware, HttpContext context, Task task)
2021-08-22 13:44:10.8630|INFO|Microsoft.Hosting.Lifetime|Application started. Press Ctrl+C to shut down.
2021-08-22 13:44:10.9863|INFO|Microsoft.Hosting.Lifetime|Hosting environment: Development
2021-08-22 13:44:11.0021|INFO|Microsoft.Hosting.Lifetime|Content root path: C:\Users\Sladjana\Desktop\Diplomski\Backend\Web
2021-08-22 13:53:40.2932|ERROR|Microsoft.AspNetCore.Diagnostics.ExceptionHandlerMiddleware|An unhandled exception has occurred while executing the request.
2021-08-22 13:53:40.3161|ERROR|allfile|Something went wrong: Disconnector with Id=1 don't exists, 404
2021-08-22 14:01:36.3901|INFO|Microsoft.Hosting.Lifetime|Application started. Press Ctrl+C to shut down.
2021-08-22 14:01:36.4614|INFO|Microsoft.Hosting.Lifetime|Hosting environment: Development
2021-08-22 14:01:36.4762|INFO|Microsoft.Hosting.Lifetime|Content root path: C:\Users\Sladjana\Desktop\Diplomski\Backend\Web
2021-08-22 14:02:40.2836|ERROR|Microsoft.AspNetCore.Diagnostics.ExceptionHandlerMiddleware|An unhandled exception has occurred while executing the request.
2021-08-22 14:02:40.3091|ERROR|allfile|Something went wrong: Disconnector with mrid='SUB3' or name='SubstationName3' already exists, 409
2021-08-22 14:04:02.9042|INFO|Microsoft.Hosting.Lifetime|Application started. Press Ctrl+C to shut down.
2021-08-22 14:04:02.9682|INFO|Microsoft.Hosting.Lifetime|Hosting environment: Development
2021-08-22 14:04:02.9794|INFO|Microsoft.Hosting.Lifetime|Content root path: C:\Users\Sladjana\Desktop\Diplomski\Backend\Web
2021-08-22 14:12:20.8080|INFO|Microsoft.Hosting.Lifetime|Application started. Press Ctrl+C to shut down.
2021-08-22 14:12:20.8675|INFO|Microsoft.Hosting.Lifetime|Hosting environment: Development
2021-08-22 14:12:20.8675|INFO|Microsoft.Hosting.Lifetime|Content root path: C:\Users\Sladjana\Desktop\Diplomski\Backend\Web
2021-08-22 14:23:49.3120|INFO|Microsoft.Hosting.Lifetime|Application started. Press Ctrl+C to shut down.
2021-08-22 14:23:49.3732|INFO|Microsoft.Hosting.Lifetime|Hosting environment: Development
2021-08-22 14:23:49.3871|INFO|Microsoft.Hosting.Lifetime|Content root path: C:\Users\Sladjana\Desktop\Diplomski\Backend\Web
2021-08-22 14:30:52.3945|INFO|Microsoft.Hosting.Lifetime|Application started. Press Ctrl+C to shut down.
2021-08-22 14:30:52.4374|INFO|Microsoft.Hosting.Lifetime|Hosting environment: Development
2021-08-22 14:30:52.4374|INFO|Microsoft.Hosting.Lifetime|Content root path: C:\Users\Sladjana\Desktop\Diplomski\Backend\Web
2021-08-22 14:31:48.4566|ERROR|Microsoft.AspNetCore.Diagnostics.ExceptionHandlerMiddleware|An unhandled exception has occurred while executing the request.
2021-08-22 14:31:51.5452|ERROR|allfile|Something went wrong: System.InvalidOperationException: The property 'Disconnector.Id' is part of a key and so cannot be modified or marked as modified. To change the principal of an existing entity with an identifying foreign key, first delete the dependent and invoke 'SaveChanges', and then associate the dependent with the new principal.
   at Microsoft.EntityFrameworkCore.ChangeTracking.Internal.InternalEntityEntry.SetPropertyModified(IProperty property, Boolean changeState, Boolean isModified, Boolean isConceptualNull, Boolean acceptChanges)
   at Microsoft.EntityFrameworkCore.ChangeTracking.Internal.ChangeDetector.PropertyChanged(InternalEntityEntry entry, IPropertyBase propertyBase, Boolean setModified)
   at Microsoft.EntityFrameworkCore.ChangeTracking.Internal.InternalEntityEntryNotifier.PropertyChanged(InternalEntityEntry entry, IPropertyBase property, Boolean setModified)
   at Microsoft.EntityFrameworkCore.ChangeTracking.Internal.InternalEntityEntry.SetProperty(IPropertyBase propertyBase, Object value, Boolean isMaterialization, Boolean setModified, Boolean isCascadeDelete, CurrentValueType valueType)
   at Microsoft.EntityFrameworkCore.ChangeTracking.Internal.InternalEntityEntry.SetProperty(IPropertyBase propertyBase, Object value, Boolean isMaterialization, Boolean setModified, Boolean isCascadeDelete)
   at Microsoft.EntityFrameworkCore.ChangeTracking.Internal.InternalEntityEntry.set_Item(IPropertyBase propertyBase, Object value)
   at Microsoft.EntityFrameworkCore.ChangeTracking.Internal.CurrentPropertyValues.SetValueInternal(IProperty property, Object value)
   at Microsoft.EntityFrameworkCore.ChangeTracking.Internal.EntryPropertyValues.SetValues(Object obj)
   at Repository.GenericRepository`1.Update(T entity, T newEntity) in C:\Users\Sladjana\Desktop\Diplomski\Backend\Repository\GenericRepository.cs:line 42
   at Web.Services.DisconnectorService.UpdateDisconnector(Int32 id, DisconnectorRequest disconnector) in C:\Users\Sladjana\Desktop\Diplomski\Backend\Web\Services\DisconnectorService.cs:line 93
   at Web.Controllers.DisconnectorController.Update(Int32 id, DisconnectorRequest disconnector) in C:\Users\Sladjana\Desktop\Diplomski\Backend\Web\Controllers\DisconnectorController.cs:line 54
   at Microsoft.AspNetCore.Mvc.Infrastructure.ActionMethodExecutor.TaskOfIActionResultExecutor.Execute(IActionResultTypeMapper mapper, ObjectMethodExecutor executor, Object controller, Object[] arguments)
   at Microsoft.AspNetCore.Mvc.Infrastructure.ControllerActionInvoker.<InvokeActionMethodAsync>g__Awaited|12_0(ControllerActionInvoker invoker, ValueTask`1 actionResultValueTask)
   at Microsoft.AspNetCore.Mvc.Infrastructure.ControllerActionInvoker.<InvokeNextActionFilterAsync>g__Awaited|10_0(ControllerActionInvoker invoker, Task lastTask, State next, Scope scope, Object state, Boolean isCompleted)
   at Microsoft.AspNetCore.Mvc.Infrastructure.ControllerActionInvoker.Rethrow(ActionExecutedContextSealed context)
   at Microsoft.AspNetCore.Mvc.Infrastructure.ControllerActionInvoker.Next(State& next, Scope& scope, Object& state, Boolean& isCompleted)
   at Microsoft.AspNetCore.Mvc.Infrastructure.ControllerActionInvoker.<InvokeInnerFilterAsync>g__Awaited|13_0(ControllerActionInvoker invoker, Task lastTask, State next, Scope scope, Object state, Boolean isCompleted)
   at Microsoft.AspNetCore.Mvc.Infrastructure.ResourceInvoker.<InvokeFilterPipelineAsync>g__Awaited|19_0(ResourceInvoker invoker, Task lastTask, State next, Scope scope, Object state, Boolean isCompleted)
   at Microsoft.AspNetCore.Mvc.Infrastructure.ResourceInvoker.<InvokeAsync>g__Awaited|17_0(ResourceInvoker invoker, Task task, IDisposable scope)
   at Microsoft.AspNetCore.Routing.EndpointMiddleware.<Invoke>g__AwaitRequestTask|6_0(Endpoint endpoint, Task requestTask, ILogger logger)
   at Microsoft.AspNetCore.Authorization.AuthorizationMiddleware.Invoke(HttpContext context)
   at Microsoft.AspNetCore.Diagnostics.ExceptionHandlerMiddleware.<Invoke>g__Awaited|6_0(ExceptionHandlerMiddleware middleware, HttpContext context, Task task)
2021-08-22 14:38:32.7424|INFO|Microsoft.Hosting.Lifetime|Application started. Press Ctrl+C to shut down.
2021-08-22 14:38:32.7909|INFO|Microsoft.Hosting.Lifetime|Hosting environment: Development
2021-08-22 14:38:32.7909|INFO|Microsoft.Hosting.Lifetime|Content root path: C:\Users\Sladjana\Desktop\Diplomski\Backend\Web
2021-08-22 14:48:42.5380|INFO|Microsoft.Hosting.Lifetime|Application started. Press Ctrl+C to shut down.
2021-08-22 14:48:42.5958|INFO|Microsoft.Hosting.Lifetime|Hosting environment: Development
2021-08-22 14:48:42.6114|INFO|Microsoft.Hosting.Lifetime|Content root path: C:\Users\Sladjana\Desktop\Diplomski\Backend\Web
2021-08-22 14:53:46.1827|INFO|Microsoft.Hosting.Lifetime|Application started. Press Ctrl+C to shut down.
2021-08-22 14:53:46.2422|INFO|Microsoft.Hosting.Lifetime|Hosting environment: Development
2021-08-22 14:53:46.2519|INFO|Microsoft.Hosting.Lifetime|Content root path: C:\Users\Sladjana\Desktop\Diplomski\Backend\Web
2021-08-22 14:53:53.0160|ERROR|Microsoft.AspNetCore.Diagnostics.ExceptionHandlerMiddleware|An unhandled exception has occurred while executing the request.
2021-08-22 14:53:53.0434|ERROR|allfile|Something went wrong: System.InvalidOperationException: The converter specified on 'Web.Models.Response.DisconnectorResponse.Phases' does not derive from JsonConverter or have a public parameterless constructor.
   at System.Text.Json.ThrowHelper.ThrowInvalidOperationException_SerializationConverterOnAttributeInvalid(Type classType, PropertyInfo propertyInfo)
   at System.Text.Json.JsonSerializerOptions.GetConverterFromAttribute(JsonConverterAttribute converterAttribute, Type typeToConvert, Type classTypeAttributeIsOn, PropertyInfo propertyInfo)
   at System.Text.Json.JsonSerializerOptions.DetermineConverterForProperty(Type parentClassType, Type runtimePropertyType, PropertyInfo propertyInfo)
   at System.Text.Json.JsonClassInfo.CreateProperty(Type declaredPropertyType, Type runtimePropertyType, Type implementedPropertyType, PropertyInfo propertyInfo, Type parentClassType, JsonConverter converter, JsonSerializerOptions options)
   at System.Text.Json.JsonClassInfo.AddProperty(Type propertyType, PropertyInfo propertyInfo, Type classType, JsonSerializerOptions options)
   at System.Text.Json.JsonClassInfo..ctor(Type type, JsonSerializerOptions options)
   at System.Text.Json.JsonSerializerOptions.GetOrAddClass(Type classType)
   at System.Text.Json.JsonClassInfo.get_ElementClassInfo()
   at System.Text.Json.JsonSerializer.Write(Utf8JsonWriter writer, Int32 originalWriterDepth, Int32 flushThreshold, JsonSerializerOptions options, WriteStack& state)
   at System.Text.Json.JsonSerializer.WriteAsyncCore(Stream utf8Json, Object value, Type inputType, JsonSerializerOptions options, CancellationToken cancellationToken)
   at Microsoft.AspNetCore.Mvc.Formatters.SystemTextJsonOutputFormatter.WriteResponseBodyAsync(OutputFormatterWriteContext context, Encoding selectedEncoding)
   at Microsoft.AspNetCore.Mvc.Formatters.SystemTextJsonOutputFormatter.WriteResponseBodyAsync(OutputFormatterWriteContext context, Encoding selectedEncoding)
   at Microsoft.AspNetCore.Mvc.Infrastructure.ResourceInvoker.<InvokeNextResultFilterAsync>g__Awaited|29_0[TFilter,TFilterAsync](ResourceInvoker invoker, Task lastTask, State next, Scope scope, Object state, Boolean isCompleted)
   at Microsoft.AspNetCore.Mvc.Infrastructure.ResourceInvoker.Rethrow(ResultExecutedContextSealed context)
   at Microsoft.AspNetCore.Mvc.Infrastructure.ResourceInvoker.ResultNext[TFilter,TFilterAsync](State& next, Scope& scope, Object& state, Boolean& isCompleted)
   at Microsoft.AspNetCore.Mvc.Infrastructure.ResourceInvoker.InvokeResultFilters()
--- End of stack trace from previous location where exception was thrown ---
   at Microsoft.AspNetCore.Mvc.Infrastructure.ResourceInvoker.<InvokeFilterPipelineAsync>g__Awaited|19_0(ResourceInvoker invoker, Task lastTask, State next, Scope scope, Object state, Boolean isCompleted)
   at Microsoft.AspNetCore.Mvc.Infrastructure.ResourceInvoker.<InvokeAsync>g__Awaited|17_0(ResourceInvoker invoker, Task task, IDisposable scope)
   at Microsoft.AspNetCore.Routing.EndpointMiddleware.<Invoke>g__AwaitRequestTask|6_0(Endpoint endpoint, Task requestTask, ILogger logger)
   at Microsoft.AspNetCore.Authorization.AuthorizationMiddleware.Invoke(HttpContext context)
   at Microsoft.AspNetCore.Diagnostics.ExceptionHandlerMiddleware.<Invoke>g__Awaited|6_0(ExceptionHandlerMiddleware middleware, HttpContext context, Task task)
2021-08-22 14:54:39.9324|INFO|Microsoft.Hosting.Lifetime|Application started. Press Ctrl+C to shut down.
2021-08-22 14:54:39.9886|INFO|Microsoft.Hosting.Lifetime|Hosting environment: Development
2021-08-22 14:54:40.0002|INFO|Microsoft.Hosting.Lifetime|Content root path: C:\Users\Sladjana\Desktop\Diplomski\Backend\Web
2021-08-22 15:01:39.0121|INFO|Microsoft.Hosting.Lifetime|Application started. Press Ctrl+C to shut down.
2021-08-22 15:01:39.0699|INFO|Microsoft.Hosting.Lifetime|Hosting environment: Development
2021-08-22 15:01:39.0804|INFO|Microsoft.Hosting.Lifetime|Content root path: C:\Users\Sladjana\Desktop\Diplomski\Backend\Web
2021-08-22 15:02:06.4071|ERROR|Microsoft.AspNetCore.Diagnostics.ExceptionHandlerMiddleware|An unhandled exception has occurred while executing the request.
2021-08-22 15:02:06.4292|ERROR|allfile|Something went wrong: System.InvalidOperationException: The converter specified on 'Domain.Enumerations.PhaseCode' does not derive from JsonConverter or have a public parameterless constructor.
   at System.Text.Json.ThrowHelper.ThrowInvalidOperationException_SerializationConverterOnAttributeInvalid(Type classType, PropertyInfo propertyInfo)
   at System.Text.Json.JsonSerializerOptions.GetConverterFromAttribute(JsonConverterAttribute converterAttribute, Type typeToConvert, Type classTypeAttributeIsOn, PropertyInfo propertyInfo)
   at System.Text.Json.JsonSerializerOptions.GetConverter(Type typeToConvert)
   at System.Text.Json.JsonSerializerOptions.DetermineConverterForProperty(Type parentClassType, Type runtimePropertyType, PropertyInfo propertyInfo)
   at System.Text.Json.JsonClassInfo.CreateProperty(Type declaredPropertyType, Type runtimePropertyType, Type implementedPropertyType, PropertyInfo propertyInfo, Type parentClassType, JsonConverter converter, JsonSerializerOptions options)
   at System.Text.Json.JsonClassInfo.AddProperty(Type propertyType, PropertyInfo propertyInfo, Type classType, JsonSerializerOptions options)
   at System.Text.Json.JsonClassInfo..ctor(Type type, JsonSerializerOptions options)
   at System.Text.Json.JsonSerializerOptions.GetOrAddClass(Type classType)
   at System.Text.Json.JsonSerializer.ReadAsync[TValue](Stream utf8Json, Type returnType, JsonSerializerOptions options, CancellationToken cancellationToken)
   at Microsoft.AspNetCore.Mvc.Formatters.SystemTextJsonInputFormatter.ReadRequestBodyAsync(InputFormatterContext context, Encoding encoding)
   at Microsoft.AspNetCore.Mvc.Formatters.SystemTextJsonInputFormatter.ReadRequestBodyAsync(InputFormatterContext context, Encoding encoding)
   at Microsoft.AspNetCore.Mvc.ModelBinding.Binders.BodyModelBinder.BindModelAsync(ModelBindingContext bindingContext)
   at Microsoft.AspNetCore.Mvc.ModelBinding.ParameterBinder.BindModelAsync(ActionContext actionContext, IModelBinder modelBinder, IValueProvider valueProvider, ParameterDescriptor parameter, ModelMetadata metadata, Object value)
   at Microsoft.AspNetCore.Mvc.Controllers.ControllerBinderDelegateProvider.<>c__DisplayClass0_0.<<CreateBinderDelegate>g__Bind|0>d.MoveNext()
--- End of stack trace from previous location where exception was thrown ---
   at Microsoft.AspNetCore.Mvc.Infrastructure.ControllerActionInvoker.<InvokeInnerFilterAsync>g__Awaited|13_0(ControllerActionInvoker invoker, Task lastTask, State next, Scope scope, Object state, Boolean isCompleted)
   at Microsoft.AspNetCore.Mvc.Infrastructure.ResourceInvoker.<InvokeFilterPipelineAsync>g__Awaited|19_0(ResourceInvoker invoker, Task lastTask, State next, Scope scope, Object state, Boolean isCompleted)
   at Microsoft.AspNetCore.Mvc.Infrastructure.ResourceInvoker.<InvokeAsync>g__Awaited|17_0(ResourceInvoker invoker, Task task, IDisposable scope)
   at Microsoft.AspNetCore.Routing.EndpointMiddleware.<Invoke>g__AwaitRequestTask|6_0(Endpoint endpoint, Task requestTask, ILogger logger)
   at Microsoft.AspNetCore.Authorization.AuthorizationMiddleware.Invoke(HttpContext context)
   at Microsoft.AspNetCore.Diagnostics.ExceptionHandlerMiddleware.<Invoke>g__Awaited|6_0(ExceptionHandlerMiddleware middleware, HttpContext context, Task task)
2021-08-22 15:03:07.2583|ERROR|Microsoft.AspNetCore.Diagnostics.ExceptionHandlerMiddleware|An unhandled exception has occurred while executing the request.
2021-08-22 15:03:07.2583|ERROR|allfile|Something went wrong: System.InvalidOperationException: The converter specified on 'Domain.Enumerations.PhaseCode' does not derive from JsonConverter or have a public parameterless constructor.
   at System.Text.Json.ThrowHelper.ThrowInvalidOperationException_SerializationConverterOnAttributeInvalid(Type classType, PropertyInfo propertyInfo)
   at System.Text.Json.JsonSerializerOptions.GetConverterFromAttribute(JsonConverterAttribute converterAttribute, Type typeToConvert, Type classTypeAttributeIsOn, PropertyInfo propertyInfo)
   at System.Text.Json.JsonSerializerOptions.GetConverter(Type typeToConvert)
   at System.Text.Json.JsonSerializerOptions.DetermineConverterForProperty(Type parentClassType, Type runtimePropertyType, PropertyInfo propertyInfo)
   at System.Text.Json.JsonClassInfo.CreateProperty(Type declaredPropertyType, Type runtimePropertyType, Type implementedPropertyType, PropertyInfo propertyInfo, Type parentClassType, JsonConverter converter, JsonSerializerOptions options)
   at System.Text.Json.JsonClassInfo.AddProperty(Type propertyType, PropertyInfo propertyInfo, Type classType, JsonSerializerOptions options)
   at System.Text.Json.JsonClassInfo..ctor(Type type, JsonSerializerOptions options)
   at System.Text.Json.JsonSerializerOptions.GetOrAddClass(Type classType)
   at System.Text.Json.JsonSerializer.ReadAsync[TValue](Stream utf8Json, Type returnType, JsonSerializerOptions options, CancellationToken cancellationToken)
   at Microsoft.AspNetCore.Mvc.Formatters.SystemTextJsonInputFormatter.ReadRequestBodyAsync(InputFormatterContext context, Encoding encoding)
   at Microsoft.AspNetCore.Mvc.Formatters.SystemTextJsonInputFormatter.ReadRequestBodyAsync(InputFormatterContext context, Encoding encoding)
   at Microsoft.AspNetCore.Mvc.ModelBinding.Binders.BodyModelBinder.BindModelAsync(ModelBindingContext bindingContext)
   at Microsoft.AspNetCore.Mvc.ModelBinding.ParameterBinder.BindModelAsync(ActionContext actionContext, IModelBinder modelBinder, IValueProvider valueProvider, ParameterDescriptor parameter, ModelMetadata metadata, Object value)
   at Microsoft.AspNetCore.Mvc.Controllers.ControllerBinderDelegateProvider.<>c__DisplayClass0_0.<<CreateBinderDelegate>g__Bind|0>d.MoveNext()
--- End of stack trace from previous location where exception was thrown ---
   at Microsoft.AspNetCore.Mvc.Infrastructure.ControllerActionInvoker.<InvokeInnerFilterAsync>g__Awaited|13_0(ControllerActionInvoker invoker, Task lastTask, State next, Scope scope, Object state, Boolean isCompleted)
   at Microsoft.AspNetCore.Mvc.Infrastructure.ResourceInvoker.<InvokeFilterPipelineAsync>g__Awaited|19_0(ResourceInvoker invoker, Task lastTask, State next, Scope scope, Object state, Boolean isCompleted)
   at Microsoft.AspNetCore.Mvc.Infrastructure.ResourceInvoker.<InvokeAsync>g__Awaited|17_0(ResourceInvoker invoker, Task task, IDisposable scope)
   at Microsoft.AspNetCore.Routing.EndpointMiddleware.<Invoke>g__AwaitRequestTask|6_0(Endpoint endpoint, Task requestTask, ILogger logger)
   at Microsoft.AspNetCore.Authorization.AuthorizationMiddleware.Invoke(HttpContext context)
   at Microsoft.AspNetCore.Diagnostics.ExceptionHandlerMiddleware.<Invoke>g__Awaited|6_0(ExceptionHandlerMiddleware middleware, HttpContext context, Task task)
2021-08-22 15:03:12.4452|ERROR|Microsoft.AspNetCore.Diagnostics.ExceptionHandlerMiddleware|An unhandled exception has occurred while executing the request.
2021-08-22 15:03:12.4452|ERROR|allfile|Something went wrong: System.InvalidOperationException: The converter specified on 'Domain.Enumerations.PhaseCode' does not derive from JsonConverter or have a public parameterless constructor.
   at System.Text.Json.ThrowHelper.ThrowInvalidOperationException_SerializationConverterOnAttributeInvalid(Type classType, PropertyInfo propertyInfo)
   at System.Text.Json.JsonSerializerOptions.GetConverterFromAttribute(JsonConverterAttribute converterAttribute, Type typeToConvert, Type classTypeAttributeIsOn, PropertyInfo propertyInfo)
   at System.Text.Json.JsonSerializerOptions.GetConverter(Type typeToConvert)
   at System.Text.Json.JsonSerializerOptions.DetermineConverterForProperty(Type parentClassType, Type runtimePropertyType, PropertyInfo propertyInfo)
   at System.Text.Json.JsonClassInfo.CreateProperty(Type declaredPropertyType, Type runtimePropertyType, Type implementedPropertyType, PropertyInfo propertyInfo, Type parentClassType, JsonConverter converter, JsonSerializerOptions options)
   at System.Text.Json.JsonClassInfo.AddProperty(Type propertyType, PropertyInfo propertyInfo, Type classType, JsonSerializerOptions options)
   at System.Text.Json.JsonClassInfo..ctor(Type type, JsonSerializerOptions options)
   at System.Text.Json.JsonSerializerOptions.GetOrAddClass(Type classType)
   at System.Text.Json.JsonSerializer.ReadAsync[TValue](Stream utf8Json, Type returnType, JsonSerializerOptions options, CancellationToken cancellationToken)
   at Microsoft.AspNetCore.Mvc.Formatters.SystemTextJsonInputFormatter.ReadRequestBodyAsync(InputFormatterContext context, Encoding encoding)
   at Microsoft.AspNetCore.Mvc.Formatters.SystemTextJsonInputFormatter.ReadRequestBodyAsync(InputFormatterContext context, Encoding encoding)
   at Microsoft.AspNetCore.Mvc.ModelBinding.Binders.BodyModelBinder.BindModelAsync(ModelBindingContext bindingContext)
   at Microsoft.AspNetCore.Mvc.ModelBinding.ParameterBinder.BindModelAsync(ActionContext actionContext, IModelBinder modelBinder, IValueProvider valueProvider, ParameterDescriptor parameter, ModelMetadata metadata, Object value)
   at Microsoft.AspNetCore.Mvc.Controllers.ControllerBinderDelegateProvider.<>c__DisplayClass0_0.<<CreateBinderDelegate>g__Bind|0>d.MoveNext()
--- End of stack trace from previous location where exception was thrown ---
   at Microsoft.AspNetCore.Mvc.Infrastructure.ControllerActionInvoker.<InvokeInnerFilterAsync>g__Awaited|13_0(ControllerActionInvoker invoker, Task lastTask, State next, Scope scope, Object state, Boolean isCompleted)
   at Microsoft.AspNetCore.Mvc.Infrastructure.ResourceInvoker.<InvokeFilterPipelineAsync>g__Awaited|19_0(ResourceInvoker invoker, Task lastTask, State next, Scope scope, Object state, Boolean isCompleted)
   at Microsoft.AspNetCore.Mvc.Infrastructure.ResourceInvoker.<InvokeAsync>g__Awaited|17_0(ResourceInvoker invoker, Task task, IDisposable scope)
   at Microsoft.AspNetCore.Routing.EndpointMiddleware.<Invoke>g__AwaitRequestTask|6_0(Endpoint endpoint, Task requestTask, ILogger logger)
   at Microsoft.AspNetCore.Authorization.AuthorizationMiddleware.Invoke(HttpContext context)
   at Microsoft.AspNetCore.Diagnostics.ExceptionHandlerMiddleware.<Invoke>g__Awaited|6_0(ExceptionHandlerMiddleware middleware, HttpContext context, Task task)
2021-08-22 15:03:30.9658|ERROR|Microsoft.AspNetCore.Diagnostics.ExceptionHandlerMiddleware|An unhandled exception has occurred while executing the request.
2021-08-22 15:03:30.9658|ERROR|allfile|Something went wrong: System.InvalidOperationException: The converter specified on 'Domain.Enumerations.PhaseCode' does not derive from JsonConverter or have a public parameterless constructor.
   at System.Text.Json.ThrowHelper.ThrowInvalidOperationException_SerializationConverterOnAttributeInvalid(Type classType, PropertyInfo propertyInfo)
   at System.Text.Json.JsonSerializerOptions.GetConverterFromAttribute(JsonConverterAttribute converterAttribute, Type typeToConvert, Type classTypeAttributeIsOn, PropertyInfo propertyInfo)
   at System.Text.Json.JsonSerializerOptions.GetConverter(Type typeToConvert)
   at System.Text.Json.JsonSerializerOptions.DetermineConverterForProperty(Type parentClassType, Type runtimePropertyType, PropertyInfo propertyInfo)
   at System.Text.Json.JsonClassInfo.CreateProperty(Type declaredPropertyType, Type runtimePropertyType, Type implementedPropertyType, PropertyInfo propertyInfo, Type parentClassType, JsonConverter converter, JsonSerializerOptions options)
   at System.Text.Json.JsonClassInfo.AddProperty(Type propertyType, PropertyInfo propertyInfo, Type classType, JsonSerializerOptions options)
   at System.Text.Json.JsonClassInfo..ctor(Type type, JsonSerializerOptions options)
   at System.Text.Json.JsonSerializerOptions.GetOrAddClass(Type classType)
   at System.Text.Json.JsonSerializer.ReadAsync[TValue](Stream utf8Json, Type returnType, JsonSerializerOptions options, CancellationToken cancellationToken)
   at Microsoft.AspNetCore.Mvc.Formatters.SystemTextJsonInputFormatter.ReadRequestBodyAsync(InputFormatterContext context, Encoding encoding)
   at Microsoft.AspNetCore.Mvc.Formatters.SystemTextJsonInputFormatter.ReadRequestBodyAsync(InputFormatterContext context, Encoding encoding)
   at Microsoft.AspNetCore.Mvc.ModelBinding.Binders.BodyModelBinder.BindModelAsync(ModelBindingContext bindingContext)
   at Microsoft.AspNetCore.Mvc.ModelBinding.ParameterBinder.BindModelAsync(ActionContext actionContext, IModelBinder modelBinder, IValueProvider valueProvider, ParameterDescriptor parameter, ModelMetadata metadata, Object value)
   at Microsoft.AspNetCore.Mvc.Controllers.ControllerBinderDelegateProvider.<>c__DisplayClass0_0.<<CreateBinderDelegate>g__Bind|0>d.MoveNext()
--- End of stack trace from previous location where exception was thrown ---
   at Microsoft.AspNetCore.Mvc.Infrastructure.ControllerActionInvoker.<InvokeInnerFilterAsync>g__Awaited|13_0(ControllerActionInvoker invoker, Task lastTask, State next, Scope scope, Object state, Boolean isCompleted)
   at Microsoft.AspNetCore.Mvc.Infrastructure.ResourceInvoker.<InvokeFilterPipelineAsync>g__Awaited|19_0(ResourceInvoker invoker, Task lastTask, State next, Scope scope, Object state, Boolean isCompleted)
   at Microsoft.AspNetCore.Mvc.Infrastructure.ResourceInvoker.<InvokeAsync>g__Awaited|17_0(ResourceInvoker invoker, Task task, IDisposable scope)
   at Microsoft.AspNetCore.Routing.EndpointMiddleware.<Invoke>g__AwaitRequestTask|6_0(Endpoint endpoint, Task requestTask, ILogger logger)
   at Microsoft.AspNetCore.Authorization.AuthorizationMiddleware.Invoke(HttpContext context)
   at Microsoft.AspNetCore.Diagnostics.ExceptionHandlerMiddleware.<Invoke>g__Awaited|6_0(ExceptionHandlerMiddleware middleware, HttpContext context, Task task)
2021-08-22 15:03:40.1189|ERROR|Microsoft.AspNetCore.Diagnostics.ExceptionHandlerMiddleware|An unhandled exception has occurred while executing the request.
2021-08-22 15:03:40.1189|ERROR|allfile|Something went wrong: System.InvalidOperationException: The converter specified on 'Domain.Enumerations.PhaseCode' does not derive from JsonConverter or have a public parameterless constructor.
   at System.Text.Json.ThrowHelper.ThrowInvalidOperationException_SerializationConverterOnAttributeInvalid(Type classType, PropertyInfo propertyInfo)
   at System.Text.Json.JsonSerializerOptions.GetConverterFromAttribute(JsonConverterAttribute converterAttribute, Type typeToConvert, Type classTypeAttributeIsOn, PropertyInfo propertyInfo)
   at System.Text.Json.JsonSerializerOptions.GetConverter(Type typeToConvert)
   at System.Text.Json.JsonSerializerOptions.DetermineConverterForProperty(Type parentClassType, Type runtimePropertyType, PropertyInfo propertyInfo)
   at System.Text.Json.JsonClassInfo.CreateProperty(Type declaredPropertyType, Type runtimePropertyType, Type implementedPropertyType, PropertyInfo propertyInfo, Type parentClassType, JsonConverter converter, JsonSerializerOptions options)
   at System.Text.Json.JsonClassInfo.AddProperty(Type propertyType, PropertyInfo propertyInfo, Type classType, JsonSerializerOptions options)
   at System.Text.Json.JsonClassInfo..ctor(Type type, JsonSerializerOptions options)
   at System.Text.Json.JsonSerializerOptions.GetOrAddClass(Type classType)
   at System.Text.Json.JsonSerializer.ReadAsync[TValue](Stream utf8Json, Type returnType, JsonSerializerOptions options, CancellationToken cancellationToken)
   at Microsoft.AspNetCore.Mvc.Formatters.SystemTextJsonInputFormatter.ReadRequestBodyAsync(InputFormatterContext context, Encoding encoding)
   at Microsoft.AspNetCore.Mvc.Formatters.SystemTextJsonInputFormatter.ReadRequestBodyAsync(InputFormatterContext context, Encoding encoding)
   at Microsoft.AspNetCore.Mvc.ModelBinding.Binders.BodyModelBinder.BindModelAsync(ModelBindingContext bindingContext)
   at Microsoft.AspNetCore.Mvc.ModelBinding.ParameterBinder.BindModelAsync(ActionContext actionContext, IModelBinder modelBinder, IValueProvider valueProvider, ParameterDescriptor parameter, ModelMetadata metadata, Object value)
   at Microsoft.AspNetCore.Mvc.Controllers.ControllerBinderDelegateProvider.<>c__DisplayClass0_0.<<CreateBinderDelegate>g__Bind|0>d.MoveNext()
--- End of stack trace from previous location where exception was thrown ---
   at Microsoft.AspNetCore.Mvc.Infrastructure.ControllerActionInvoker.<InvokeInnerFilterAsync>g__Awaited|13_0(ControllerActionInvoker invoker, Task lastTask, State next, Scope scope, Object state, Boolean isCompleted)
   at Microsoft.AspNetCore.Mvc.Infrastructure.ResourceInvoker.<InvokeFilterPipelineAsync>g__Awaited|19_0(ResourceInvoker invoker, Task lastTask, State next, Scope scope, Object state, Boolean isCompleted)
   at Microsoft.AspNetCore.Mvc.Infrastructure.ResourceInvoker.<InvokeAsync>g__Awaited|17_0(ResourceInvoker invoker, Task task, IDisposable scope)
   at Microsoft.AspNetCore.Routing.EndpointMiddleware.<Invoke>g__AwaitRequestTask|6_0(Endpoint endpoint, Task requestTask, ILogger logger)
   at Microsoft.AspNetCore.Authorization.AuthorizationMiddleware.Invoke(HttpContext context)
   at Microsoft.AspNetCore.Diagnostics.ExceptionHandlerMiddleware.<Invoke>g__Awaited|6_0(ExceptionHandlerMiddleware middleware, HttpContext context, Task task)
2021-08-22 15:03:56.4917|ERROR|Microsoft.AspNetCore.Diagnostics.ExceptionHandlerMiddleware|An unhandled exception has occurred while executing the request.
2021-08-22 15:03:56.4947|ERROR|allfile|Something went wrong: System.InvalidOperationException: The converter specified on 'Domain.Enumerations.PhaseCode' does not derive from JsonConverter or have a public parameterless constructor.
   at System.Text.Json.ThrowHelper.ThrowInvalidOperationException_SerializationConverterOnAttributeInvalid(Type classType, PropertyInfo propertyInfo)
   at System.Text.Json.JsonSerializerOptions.GetConverterFromAttribute(JsonConverterAttribute converterAttribute, Type typeToConvert, Type classTypeAttributeIsOn, PropertyInfo propertyInfo)
   at System.Text.Json.JsonSerializerOptions.GetConverter(Type typeToConvert)
   at System.Text.Json.JsonSerializerOptions.DetermineConverterForProperty(Type parentClassType, Type runtimePropertyType, PropertyInfo propertyInfo)
   at System.Text.Json.JsonClassInfo.CreateProperty(Type declaredPropertyType, Type runtimePropertyType, Type implementedPropertyType, PropertyInfo propertyInfo, Type parentClassType, JsonConverter converter, JsonSerializerOptions options)
   at System.Text.Json.JsonClassInfo.AddProperty(Type propertyType, PropertyInfo propertyInfo, Type classType, JsonSerializerOptions options)
   at System.Text.Json.JsonClassInfo..ctor(Type type, JsonSerializerOptions options)
   at System.Text.Json.JsonSerializerOptions.GetOrAddClass(Type classType)
   at System.Text.Json.JsonClassInfo.get_ElementClassInfo()
   at System.Text.Json.JsonSerializer.Write(Utf8JsonWriter writer, Int32 originalWriterDepth, Int32 flushThreshold, JsonSerializerOptions options, WriteStack& state)
   at System.Text.Json.JsonSerializer.WriteAsyncCore(Stream utf8Json, Object value, Type inputType, JsonSerializerOptions options, CancellationToken cancellationToken)
   at Microsoft.AspNetCore.Mvc.Formatters.SystemTextJsonOutputFormatter.WriteResponseBodyAsync(OutputFormatterWriteContext context, Encoding selectedEncoding)
   at Microsoft.AspNetCore.Mvc.Formatters.SystemTextJsonOutputFormatter.WriteResponseBodyAsync(OutputFormatterWriteContext context, Encoding selectedEncoding)
   at Microsoft.AspNetCore.Mvc.Infrastructure.ResourceInvoker.<InvokeNextResultFilterAsync>g__Awaited|29_0[TFilter,TFilterAsync](ResourceInvoker invoker, Task lastTask, State next, Scope scope, Object state, Boolean isCompleted)
   at Microsoft.AspNetCore.Mvc.Infrastructure.ResourceInvoker.Rethrow(ResultExecutedContextSealed context)
   at Microsoft.AspNetCore.Mvc.Infrastructure.ResourceInvoker.ResultNext[TFilter,TFilterAsync](State& next, Scope& scope, Object& state, Boolean& isCompleted)
   at Microsoft.AspNetCore.Mvc.Infrastructure.ResourceInvoker.InvokeResultFilters()
--- End of stack trace from previous location where exception was thrown ---
   at Microsoft.AspNetCore.Mvc.Infrastructure.ResourceInvoker.<InvokeFilterPipelineAsync>g__Awaited|19_0(ResourceInvoker invoker, Task lastTask, State next, Scope scope, Object state, Boolean isCompleted)
   at Microsoft.AspNetCore.Mvc.Infrastructure.ResourceInvoker.<InvokeAsync>g__Awaited|17_0(ResourceInvoker invoker, Task task, IDisposable scope)
   at Microsoft.AspNetCore.Routing.EndpointMiddleware.<Invoke>g__AwaitRequestTask|6_0(Endpoint endpoint, Task requestTask, ILogger logger)
   at Microsoft.AspNetCore.Authorization.AuthorizationMiddleware.Invoke(HttpContext context)
   at Microsoft.AspNetCore.Diagnostics.ExceptionHandlerMiddleware.<Invoke>g__Awaited|6_0(ExceptionHandlerMiddleware middleware, HttpContext context, Task task)
2021-08-22 15:04:47.9302|INFO|Microsoft.Hosting.Lifetime|Application started. Press Ctrl+C to shut down.
2021-08-22 15:04:47.9798|INFO|Microsoft.Hosting.Lifetime|Hosting environment: Development
2021-08-22 15:04:47.9798|INFO|Microsoft.Hosting.Lifetime|Content root path: C:\Users\Sladjana\Desktop\Diplomski\Backend\Web
2021-08-22 15:07:04.2275|INFO|Microsoft.Hosting.Lifetime|Application started. Press Ctrl+C to shut down.
2021-08-22 15:07:04.2696|INFO|Microsoft.Hosting.Lifetime|Hosting environment: Development
2021-08-22 15:07:04.2776|INFO|Microsoft.Hosting.Lifetime|Content root path: C:\Users\Sladjana\Desktop\Diplomski\Backend\Web
2021-08-22 15:21:14.9113|INFO|Microsoft.Hosting.Lifetime|Application started. Press Ctrl+C to shut down.
2021-08-22 15:21:14.9582|INFO|Microsoft.Hosting.Lifetime|Hosting environment: Development
2021-08-22 15:21:14.9830|INFO|Microsoft.Hosting.Lifetime|Content root path: C:\Users\Sladjana\Desktop\Diplomski\Backend\Web
2021-08-22 16:04:35.2240|INFO|Microsoft.Hosting.Lifetime|Application started. Press Ctrl+C to shut down.
2021-08-22 16:04:35.2768|INFO|Microsoft.Hosting.Lifetime|Hosting environment: Development
2021-08-22 16:04:35.2768|INFO|Microsoft.Hosting.Lifetime|Content root path: C:\Users\Sladjana\Desktop\Diplomski\Backend\Web
